Running: C:\Xilinx\14.7\ISE_DS\ISE\bin\nt64\unwrapped\fuse.exe -intstyle ise -incremental -lib unisims_ver -lib unimacro_ver -lib xilinxcorelib_ver -o C:/Users/David/Desktop/MIPS_Processor_ISEProjectFolder/CONCATENATE_26to32Bit_TF_isim_beh.exe -prj C:/Users/David/Desktop/MIPS_Processor_ISEProjectFolder/CONCATENATE_26to32Bit_TF_beh.prj work.CONCATENATE_26to32Bit_TF work.glbl 
ISim P.20131013 (signature 0x7708f090)
Number of CPUs detected in this system: 4
Turning on mult-threading, number of parallel sub-compilation jobs: 8 
Determining compilation order of HDL files
Analyzing Verilog file "C:/Users/David/Desktop/MIPS_Processor_ISEProjectFolder/CONCATENATE_26to32Bit_TF.v" into library work
Analyzing Verilog file "C:/Xilinx/14.7/ISE_DS/ISE//verilog/src/glbl.v" into library work
Parsing VHDL file "C:/Users/David/Desktop/MIPS_Processor_ISEProjectFolder/CONCATENATE_26to32Bit.vhd" into library work
Starting static elaboration
Completed static elaboration
Compiling module CONCATENATE_26to32Bit_TF
Compiling module glbl
Compiling package standard
Compiling package std_logic_1164
Compiling package numeric_std
Compiling architecture behavioral of entity CONCATENATE_26to32Bit [concatenate_26to32bit_default]
Time Resolution for simulation is 1ps.
Compiled 5 VHDL Units
Compiled 2 Verilog Units
Built simulation executable C:/Users/David/Desktop/MIPS_Processor_ISEProjectFolder/CONCATENATE_26to32Bit_TF_isim_beh.exe
Fuse Memory Usage: 34920 KB
Fuse CPU Usage: 1312 ms
