Command line:
   ROM_512x32Bit_isim_beh.exe
     -simmode  gui
     -simrunnum  0
     -socket  63174

Mon Jan 25 01:53:45 2016


 Elaboration Time: 0.203125 sec

 Current Memory Usage: 1351.04 Meg

 Total Signals          : 3
 Total Nets             : 16448
 Total Signal Drivers   : 1
 Total Blocks           : 4
 Total Primitive Blocks : 4
 Total Processes        : 1
 Total Traceable Variables  : 10
 Total Scalar Nets and Variables : 16826
Total Line Count : 1

 Total Simulation Time: 0.21875 sec

 Current Memory Usage: 1351.04 Meg

Mon Jan 25 01:53:50 2016

