Command line:
   SHIFTLEFT_26Bit_TF_isim_beh.exe
     -simmode  gui
     -simrunnum  0
     -socket  52344

Wed Feb 10 21:17:18 2016


 Elaboration Time: 0.265625 sec

 Current Memory Usage: 1010.16 Meg

 Total Signals          : 17
 Total Nets             : 117
 Total Signal Drivers   : 9
 Total Blocks           : 5
 Total Primitive Blocks : 4
 Total Processes        : 11
 Total Traceable Variables  : 32
 Total Scalar Nets and Variables : 706
Total Line Count : 26

 Total Simulation Time: 0.28125 sec

 Current Memory Usage: 1010.16 Meg

Wed Feb 10 21:17:43 2016

