Command line:
   ALU32_TF_isim_beh.exe
     -simmode  gui
     -simrunnum  0
     -socket  59148

Sun Feb 14 13:59:07 2016


 Elaboration Time: 0.25 sec

 Current Memory Usage: 1014.32 Meg

 Total Signals          : 22
 Total Nets             : 182
 Total Signal Drivers   : 14
 Total Blocks           : 7
 Total Primitive Blocks : 6
 Total Processes        : 15
 Total Traceable Variables  : 36
 Total Scalar Nets and Variables : 833
Total Line Count : 121

 Total Simulation Time: 0.265625 sec

 Current Memory Usage: 385.106 Meg

Sun Feb 14 14:06:18 2016

